<?xml version="1.0" encoding="UTF-8"?>
<!-- Generated by org.testng.reporters.JUnitXMLReporter -->
<testsuite hostname="B317LBLR" ignored="0" name="Test" tests="8" failures="1" timestamp="2020-05-27T00:17:53 IST" time="9.093" errors="0">
  <testcase name="m1" time="2.51" classname="sdet.TC_006_DataProvider"/>
  <testcase name="m1" time="0.697" classname="sdet.TC_006_DataProvider"/>
  <testcase name="m1" time="0.853" classname="sdet.TC_006_DataProvider"/>
  <testcase name="WeatherDetails" time="1.094" classname="sdet.TC_001_GetRequest"/>
  <testcase name="postmethod" time="1.027" classname="sdet.TC_002_POST"/>
  <testcase name="m1" time="0.428" classname="sdet.TC_003_GetRequest"/>
  <testcase name="m1" time="1.329" classname="sdet.TC_004_GetAllHeaders">
    <failure type="junit.framework.AssertionFailedError" message="expected:&amp;lt;404&amp;gt; but was:&amp;lt;200&amp;gt;">
      <![CDATA[junit.framework.AssertionFailedError: expected:<404> but was:<200>
at junit.framework.Assert.fail(Assert.java:50)
at junit.framework.Assert.failNotEquals(Assert.java:287)
at junit.framework.Assert.assertEquals(Assert.java:67)
at junit.framework.Assert.assertEquals(Assert.java:199)
at junit.framework.Assert.assertEquals(Assert.java:205)
at sdet.TC_004_GetAllHeaders.m1(TC_004_GetAllHeaders.java:23)
at java.util.ArrayList.forEach(Unknown Source)
... Removed 27 stack frames]]>
    </failure>
  </testcase> <!-- m1 -->
  <testcase name="m1" time="0.658" classname="sdet.TC_005_GetResponseBody"/>
</testsuite> <!-- Test -->
