<?xml version="1.0" encoding="UTF-8"?>
<testng-results skipped="0" failed="0" ignored="0" total="1" passed="1">
  <reporter-output>
  </reporter-output>
  <suite name="Default suite" duration-ms="3517" started-at="2020-06-05T10:48:36 IST" finished-at="2020-06-05T10:48:39 IST">
    <groups>
    </groups>
    <test name="Default test" duration-ms="3517" started-at="2020-06-05T10:48:36 IST" finished-at="2020-06-05T10:48:39 IST">
      <class name="mukeshotwani.TC_001_PostRequest">
        <test-method status="PASS" signature="m1()[pri:0, instance:mukeshotwani.TC_001_PostRequest@1b68ddbd]" name="m1" duration-ms="3485" started-at="2020-06-05T10:48:36 IST" finished-at="2020-06-05T10:48:39 IST">
          <reporter-output>
          </reporter-output>
        </test-method> <!-- m1 -->
      </class> <!-- mukeshotwani.TC_001_PostRequest -->
    </test> <!-- Default test -->
  </suite> <!-- Default suite -->
</testng-results>
